[debug] [2026-05-30T07:54:37.127Z] ----------------------------------------------------------------------
[debug] [2026-05-30T07:54:37.128Z] Command:       C:\Program Files\nodejs\node.exe C:\Users\ranea\AppData\Local\npm-cache\_npx\7750544ccf494d8b\node_modules\firebase-tools\lib\bin\firebase.js deploy --only hosting,firestore:rules --non-interactive
[debug] [2026-05-30T07:54:37.129Z] CLI Version:   15.19.0
[debug] [2026-05-30T07:54:37.129Z] Platform:      win32
[debug] [2026-05-30T07:54:37.129Z] Node Version:  v24.14.0
[debug] [2026-05-30T07:54:37.129Z] Time:          Sat May 30 2026 13:24:37 GMT+0530 (India Standard Time)
[debug] [2026-05-30T07:54:37.129Z] ----------------------------------------------------------------------
[debug] 
[debug] [2026-05-30T07:54:37.130Z] >>> [apiv2][query] GET https://firebase-public.firebaseio.com/cli.json [none]
[debug] [2026-05-30T07:54:38.142Z] > command requires scopes: ["email","openid","https://www.googleapis.com/auth/cloudplatformprojects.readonly","https://www.googleapis.com/auth/firebase","https://www.googleapis.com/auth/cloud-platform"]
[debug] [2026-05-30T07:54:38.143Z] > authorizing via signed-in user (dr3amtoosadr07@gmail.com)
[debug] [2026-05-30T07:54:38.143Z] [iam] checking project novahealthcare-ai for permissions ["datastore.indexes.create","datastore.indexes.delete","datastore.indexes.list","datastore.indexes.update","firebase.projects.get","firebasehosting.sites.update"]
[debug] [2026-05-30T07:54:38.143Z] Checked if tokens are valid: false, expires at: 1779954951283
[debug] [2026-05-30T07:54:38.143Z] Checked if tokens are valid: false, expires at: 1779954951283
[debug] [2026-05-30T07:54:38.143Z] > refreshing access token with scopes: []
[debug] [2026-05-30T07:54:38.144Z] >>> [apiv2][query] POST https://www.googleapis.com/oauth2/v3/token [none]
[debug] [2026-05-30T07:54:38.144Z] >>> [apiv2][body] POST https://www.googleapis.com/oauth2/v3/token [omitted]
[debug] [2026-05-30T07:54:38.221Z] *** [apiv2] error from fetch(https://www.googleapis.com/oauth2/v3/token, {"headers":{},"method":"POST","body":{"_overheadLength":545,"_valueLength":212,"_valuesToMeasure":[],"writable":false,"readable":true,"dataSize":0,"maxDataSize":2097152,"pauseStreams":true,"_released":true,"_streams":[],"_currentStream":null,"_insideLoop":false,"_pendingNext":false,"_boundary":"--------------------------992d2f4f0c2217f571447bcf","_events":{},"_eventsCount":1}}): FetchError: request to https://www.googleapis.com/oauth2/v3/token failed, reason: unable to verify the first certificate; if the root CA is installed locally, try running Node.js with --use-system-ca
[error] Authentication Error: Your credentials are no longer valid. Please run firebase login --reauth

For CI servers and headless environments, generate a new token with firebase login:ci
[debug] [2026-05-30T07:54:38.222Z] [iam] error while checking permissions, command may fail: Authentication Error: Your credentials are no longer valid. Please run firebase login --reauth

For CI servers and headless environments, generate a new token with firebase login:ci
[debug] [2026-05-30T07:54:38.222Z] Checked if tokens are valid: false, expires at: 1779954951283
[debug] [2026-05-30T07:54:38.222Z] Checked if tokens are valid: false, expires at: 1779954951283
[debug] [2026-05-30T07:54:38.222Z] > refreshing access token with scopes: []
[debug] [2026-05-30T07:54:38.222Z] >>> [apiv2][query] POST https://www.googleapis.com/oauth2/v3/token [none]
[debug] [2026-05-30T07:54:38.222Z] >>> [apiv2][body] POST https://www.googleapis.com/oauth2/v3/token [omitted]
[debug] [2026-05-30T07:54:38.256Z] *** [apiv2] error from fetch(https://www.googleapis.com/oauth2/v3/token, {"headers":{},"method":"POST","body":{"_overheadLength":545,"_valueLength":212,"_valuesToMeasure":[],"writable":false,"readable":true,"dataSize":0,"maxDataSize":2097152,"pauseStreams":true,"_released":true,"_streams":[],"_currentStream":null,"_insideLoop":false,"_pendingNext":false,"_boundary":"--------------------------080a02a5432b8cd347025611","_events":{},"_eventsCount":1}}): FetchError: request to https://www.googleapis.com/oauth2/v3/token failed, reason: unable to verify the first certificate; if the root CA is installed locally, try running Node.js with --use-system-ca
[error] Authentication Error: Your credentials are no longer valid. Please run firebase login --reauth

For CI servers and headless environments, generate a new token with firebase login:ci
[debug] [2026-05-30T07:54:38.257Z] Authentication Error: Your credentials are no longer valid. Please run firebase login --reauth

For CI servers and headless environments, generate a new token with firebase login:ci
[error] 
[error] Error: Assertion failed: resolving hosting target of a site with no site name or target name. This should have caused an error earlier
[debug] [2026-05-30T07:54:38.495Z] *** [apiv2] error from fetch(https://firebase-public.firebaseio.com/cli.json, {"headers":{},"method":"GET"}): FetchError: request to https://firebase-public.firebaseio.com/cli.json failed, reason: unable to verify the first certificate; if the root CA is installed locally, try running Node.js with --use-system-ca
[warn] !  Unable to fetch the CLI MOTD and remote config. This is not a fatal error, but may indicate an issue with your network connection. 
[debug] [2026-05-30T07:54:38.496Z] Failed to fetch MOTD FirebaseError: Failed to make request to https://firebase-public.firebaseio.com/cli.json
